appmakerAndroid 20161017/appMakerSDK/proguard.cfg
-optimizationpasses 5
-dontusemixedcaseclassnames
-dontskipnonpubliclibraryclasses
-dontpreverify
-verbose
-dontshrink
-dontoptimize

# Preserve all View implementations, their special context constructors, and
# their setters.

#-keep public class * extends android.view.View {
#    public <init>(android.content.Context);
#    public <init>(android.content.Context, android.util.AttributeSet);
#    public <init>(android.content.Context, android.util.AttributeSet, int);
#    public void set*(...);
#}
-keep class * extends android.view.View

-keep class org.vudroid.** {
	*;
}

-keep public class * extends android.app.Activity
-keep public class * extends android.app.Application
-keep public class * extends android.app.Service
-keep public class * extends android.content.BroadcastReceiver
-keep public class * extends android.content.ContentProvider
-keep public class * extends android.app.backup.BackupAgentHelper
-keep public class * extends android.preference.Preference
-keep public class com.android.vending.licensing.ILicensingService
-keep public class **.R$*
-keep public class com.hl.common.*
-keep public class com.hl.android.AdViewRegister

-keepclasseswithmembernames class * {
    native <methods>;
}

-keepclasseswithmembers class * {
    public <init>(android.content.Context, android.util.AttributeSet);
}

-keepclasseswithmembers class * {
    public <init>(android.content.Context, android.util.AttributeSet, int);
}

-keepclasseswithmembers class com.hl.common.* {
   public static <methods>;
}

-keepclassmembers class * extends android.app.Activity {
   public void *(android.view.View);
   public void on*(...);
   public static void onSdCarsBookStart(...);
   protected boolean isShelves;
   protected void registerAppKey(...);
   
}
-keepclassmembers class com.hl.android.HLReader {
    public static void show(android.content.Context);
    public static void show(android.content.Context, java.lang.String);
    public static void showZipFile(android.content.Context, java.lang.String);
    public static void setShelves(java.lang.Boolean);
    public static void setAdRegster(com.hl.android.AdViewRegister);
}
-keepclassmembers class com.hl.android.AdViewRegister {
    public <methods>;
}

-keepclassmembers enum * {
    public static **[] values();
    public static ** valueOf(java.lang.String);
}

-keep class * implements android.os.Parcelable {
  public static final android.os.Parcelable$Creator *;
}


-keepclassmembers class **.R$* {
  public static <fields>;
}

# Explicitly preserve all serialization members. The Serializable interface
# is only a marker interface, so it wouldn't save them.
# You can comment this out if your application doesn't use serialization.
# If your code contains serializable classes that have to be backward 
# compatible, please refer to the manual.

-keepclassmembers class * implements java.io.Serializable {
    static final long serialVersionUID;
    static final java.io.ObjectStreamField[] serialPersistentFields;
    private void writeObject(java.io.ObjectOutputStream);
    private void readObject(java.io.ObjectInputStream);
    java.lang.Object writeReplace();
    java.lang.Object readResolve();
}

# Your application may contain more items that need to be preserved; 
# typically classes that are dynamically created using Class.forName:

# -keep public class mypackage.MyClass
# -keep public interface mypackage.MyInterface
# -keep public class * implements mypackage.MyInterface


####### common lib don't ob###########
-keep class cn.**
-keep class org.**
-keep class com.admogo.** { *;}
-keep class com.vpon.**
-keep class com.adsmogo.**
-keep class com.adwo.**
-keep class com.google.**
-keep class com.mobisage.**
-keep class com.tencent.**
-keep class com.amazon.**