appmakerAndroid 20161017/appMakerSDK/proguard/seeds.txt
com.mouee.android.animation.catmullroom.GdxRuntimeException: long serialVersionUID
com.mouee.android.animation.catmullroom.Matrix3: long serialVersionUID
com.mouee.android.animation.catmullroom.Matrix4: long serialVersionUID
com.mouee.android.animation.catmullroom.Quaternion: long serialVersionUID
com.mouee.android.animation.catmullroom.Vector3: long serialVersionUID
com.mouee.android.core.utils.BitmapManageUtil$1: long serialVersionUID
com.mouee.android.test.CopyOfTestClipVIew
com.mouee.android.test.DrawMask
com.mouee.android.test.DrawMask: void onCreate(android.os.Bundle)
com.mouee.android.test.DrawMask: void onClick(android.content.DialogInterface,int)
com.mouee.android.test.ExpandableList1
com.mouee.android.test.ExpandableList1: void onCreate(android.os.Bundle)
com.mouee.android.test.ExpandableList1: void onCreateContextMenu(android.view.ContextMenu,android.view.View,android.view.ContextMenu$ContextMenuInfo)
com.mouee.android.test.Mask
com.mouee.android.test.MyImageView
com.mouee.android.test.Myfloatview
com.mouee.android.test.PageViewActivity
com.mouee.android.test.PageViewActivity: void onCreate(android.os.Bundle)
com.mouee.android.test.Test3DFlip
com.mouee.android.test.Test3DFlip: void onCreate(android.os.Bundle)
com.mouee.android.test.TestAnimation
com.mouee.android.test.TestAnimation: void onCreate(android.os.Bundle)
com.mouee.android.test.TestBookDecoder
com.mouee.android.test.TestBookDecoder: void onCreate(android.os.Bundle)
com.mouee.android.test.TestClip
com.mouee.android.test.TestClip: void onCreate(android.os.Bundle)
com.mouee.android.test.TestClipVIew
com.mouee.android.test.TestExpandableList
com.mouee.android.test.TestExpandableList: void onCreate(android.os.Bundle)
com.mouee.android.test.TestGif
com.mouee.android.test.TestGif: void onCreate(android.os.Bundle)
com.mouee.android.test.TestImageView
com.mouee.android.test.TestImageView: void onCreate(android.os.Bundle)
com.mouee.android.test.TestImageViewRotateActivity
com.mouee.android.test.TestImageViewRotateActivity: void onCreate(android.os.Bundle)
com.mouee.android.test.TestOpenFile
com.mouee.android.test.TestOpenFile: void onCreate(android.os.Bundle)
com.mouee.android.test.TestScrollTextView
com.mouee.android.test.TestScrollTextView: void onCreate(android.os.Bundle)
com.mouee.android.test.TestSurfaceView
com.mouee.android.test.TestSurfaceView: void onCreate(android.os.Bundle)
com.mouee.android.test.TestSurfaceView$MyView
com.mouee.android.test.TestTransformMatrixActivity
com.mouee.android.test.TestTransformMatrixActivity: void onCreate(android.os.Bundle)
com.mouee.android.test.TestTransformMatrixActivity$TransformMatrixView
com.mouee.android.test.TestVideo
com.mouee.android.test.TestVideo: void onCreate(android.os.Bundle)
com.mouee.android.test.TestViewPage
com.mouee.android.test.VideoTest
com.mouee.android.test.VideoTest: void onCreate(android.os.Bundle)
com.mouee.android.test.VideoTest: void onPrepared(android.media.MediaPlayer)
com.mouee.android.test.VideoTest: void onCompletion(android.media.MediaPlayer)
com.mouee.android.test.VideoTest: void onBufferingUpdate(android.media.MediaPlayer,int)
com.mouee.android.test.ViewPage1
com.mouee.android.test.flip.AbstractPageWidget
com.mouee.android.test.flip.PageWidget
com.mouee.android.test.flip.PageWidget1
com.mouee.android.view.ViewPage
com.mouee.android.view.component.AudioComponent
com.mouee.android.view.component.HTMLComponent
com.mouee.android.view.component.ImageComponent
com.mouee.android.view.component.ImageGifComponent
com.mouee.android.view.component.ImageWipeComponent
com.mouee.android.view.component.ImageWipeGifComponent
com.mouee.android.view.component.ImageZoomComponent
com.mouee.android.view.component.ImageZoomComponent: ImageZoomComponent(android.content.Context,android.util.AttributeSet)
com.mouee.android.view.component.MoueeVideoView
com.mouee.android.view.component.PDFDocumentViewComponent
com.mouee.android.view.component.PDFDocumentViewComponentMU