appmakerAndroid 20161017/appMakerSDK/proguard/mapping.txt
com.mouee.android.view.component.moudle.slide.VerticleSlideClickThree$1 -> com.mouee.android.view.component.moudle.slide.p:
    com.mouee.android.view.component.moudle.slide.VerticleSlideClickThree this$0 -> a
    void onClick(android.view.View) -> onClick
com.mouee.android.view.component.moudle.slide.VerticleSlideClickThree$runview -> com.mouee.android.view.component.moudle.slide.q:
    java.lang.String _name -> a
    int _index -> b
    com.mouee.android.view.component.moudle.slide.VerticleSlideClickThree this$0 -> c
    void run() -> run
com.mouee.android.view.component.moudle.surface.SurfaceViewImageSeq -> com.mouee.android.view.component.moudle.surface.SurfaceViewImageSeq:
    java.lang.String notice -> a
    com.mouee.android.book.entity.ComponentEntity entity -> b
    android.view.SurfaceHolder sfh -> f
    android.graphics.Canvas canvas -> g
    android.graphics.Paint paint -> h
    java.util.ArrayList imgList -> i
    android.view.GestureDetector detector -> j
    int currentIndex -> k
    android.widget.Scroller mScroller -> l
    boolean isRun -> c
    com.mouee.android.view.component.moudle.surface.SurfaceViewImageSeq$LoadImage loadImage -> m
    android.graphics.Bitmap bitmap -> d
    int currentState -> e
    void run() -> run
    void draw() -> d
    void logic() -> g
    boolean onTouchEvent(android.view.MotionEvent) -> onTouchEvent
    void getBitMap(java.lang.String) -> a
    void loadBitmap(java.io.InputStream) -> b
    void surfaceCreated(android.view.SurfaceHolder) -> surfaceCreated
    void surfaceChanged(android.view.SurfaceHolder,int,int,int) -> surfaceChanged
    void surfaceDestroyed(android.view.SurfaceHolder) -> surfaceDestroyed
    com.mouee.android.book.entity.ComponentEntity getEntity() -> a
    void setEntity(com.mouee.android.book.entity.ComponentEntity) -> a
    java.lang.Object getRealObject() -> b
    void setRealObject(java.lang.Object) -> a
    void load() -> c
    void load(java.io.InputStream) -> a
com.mouee.android.view.component.moudle.surface.SurfaceViewImageSeq$LoadImage -> com.mouee.android.view.component.moudle.surface.a:
    boolean isRun -> a
    com.mouee.android.view.component.moudle.surface.SurfaceViewImageSeq this$0 -> b
    void run() -> run
com.mouee.android.view.component.textview.TextSurfaceView -> com.mouee.android.view.component.textview.TextSurfaceView:
    boolean isMove -> c
    int orientation -> d
    int MOVE_LEFT -> a
    int MOVE_RIGHT -> b
    long speed -> e
    java.lang.String content -> f
    java.lang.String bgColor -> g
    int bgalpha -> h
    java.lang.String fontColor -> i
    int fontAlpha -> j
    float fontSize -> k
    android.view.SurfaceHolder mSurfaceHolder -> l
    boolean loop -> m
    float x -> n
    void surfaceChanged(android.view.SurfaceHolder,int,int,int) -> surfaceChanged
    void surfaceCreated(android.view.SurfaceHolder) -> surfaceCreated
    void surfaceDestroyed(android.view.SurfaceHolder) -> surfaceDestroyed
    void draw() -> b
    void run() -> run
    int getOrientation() -> c
    void setOrientation(int) -> a
    long getSpeed() -> d
    void setSpeed(long) -> a
    boolean isMove() -> a
    void setMove(boolean) -> a
    void setLoop(boolean) -> b
    void setContent(java.lang.String) -> a
    void setBgColor(java.lang.String) -> b
    void setBgalpha(int) -> b
    void setFontColor(java.lang.String) -> c
    void setFontAlpha(int) -> c
    void setFontSize(float) -> a